<?xml version="1.0" encoding="UTF-8"?>
<!-- Generated by org.testng.reporters.JUnitReportReporter -->
<testsuite skipped="0" hostname="DESKTOP-26SA7HV" name="principal.TestPrincipal" tests="1" failures="0" timestamp="23 nov 2017 03:35:20 GMT" time="0.008" errors="0">
  <testcase name="f" time="0.008" classname="principal.TestPrincipal"/>
</testsuite> <!-- principal.TestPrincipal -->
